#
# There is insufficient memory for the Java Runtime Environment to continue.
# Native memory allocation (mmap) failed to map 100663296 bytes for G1 virtual space
# Possible reasons:
#   The system is out of physical RAM or swap space
#   The process is running with CompressedOops enabled, and the Java Heap may be blocking the growth of the native heap
# Possible solutions:
#   Reduce memory load on the system
#   Increase physical memory or swap space
#   Check if swap backing store is full
#   Decrease Java heap size (-Xmx/-Xms)
#   Decrease number of Java threads
#   Decrease Java thread stack sizes (-Xss)
#   Set larger code cache with -XX:ReservedCodeCacheSize=
#   JVM is running with Unscaled Compressed Oops mode in which the Java heap is
#     placed in the first 4GB address space. The Java Heap base address is the
#     maximum limit for the native heap growth. Please use -XX:HeapBaseMinAddress
#     to set the Java Heap base and to place the Java Heap above 4GB virtual address.
# This output file may be truncated or incomplete.
#
#  Out of Memory Error (os_windows.cpp:3466), pid=13052, tid=16108
#
# JRE version:  (16.0.1+9) (build )
# Java VM: Java HotSpot(TM) 64-Bit Server VM (16.0.1+9-24, mixed mode, sharing, tiered, compressed oops, compressed class ptrs, g1 gc, windows-amd64)
# No core dump will be written. Minidumps are not enabled by default on client versions of Windows
#

---------------  S U M M A R Y ------------

Command Line: -Dfile.encoding=UTF-8 --module-path=C:\Users\Huong\OneDrive\Documents\NetBeansProjects\AssignmentJava3_huongltph17591\build\classes Views.QLSV

Host: AMD Ryzen 5 3450U with Radeon Vega Mobile Gfx  , 8 cores, 5G,  Windows 10 , 64 bit Build 19041 (10.0.19041.1023)
Time: Fri Aug  6 00:50:31 2021 Russia TZ 6 Standard Time elapsed time: 0.024248 seconds (0d 0h 0m 0s)

---------------  T H R E A D  ---------------

Current thread (0x000002287e3c7940):  JavaThread "Unknown thread" [_thread_in_vm, id=16108, stack(0x000000f4b9300000,0x000000f4b9400000)]

Stack: [0x000000f4b9300000,0x000000f4b9400000]
Native frames: (J=compiled Java code, j=interpreted, Vv=VM code, C=native code)
V  [jvm.dll+0x6687ca]
V  [jvm.dll+0x7ca3c9]
V  [jvm.dll+0x7cbb53]
V  [jvm.dll+0x7cc1b3]
V  [jvm.dll+0x242ea5]
V  [jvm.dll+0x665589]
V  [jvm.dll+0x65a175]
V  [jvm.dll+0x2fc5ab]
V  [jvm.dll+0x3037a6]
V  [jvm.dll+0x352fee]
V  [jvm.dll+0x35321f]
V  [jvm.dll+0x2d3618]
V  [jvm.dll+0x2d4854]
V  [jvm.dll+0x79ccb1]
V  [jvm.dll+0x360de1]
V  [jvm.dll+0x77a990]
V  [jvm.dll+0x3e55af]
V  [jvm.dll+0x3e7081]
C  [jli.dll+0x52fb]
C  [ucrtbase.dll+0x21bb2]
C  [KERNEL32.DLL+0x17034]
C  [ntdll.dll+0x52651]


---------------  P R O C E S S  ---------------

Threads class SMR info:
_java_thread_list=0x00007ffdf6dccbb8, length=0, elements={
}

Java Threads: ( => current thread )

Other Threads:
  0x000002287e400c00 GCTaskThread "GC Thread#0" [stack: 0x000000f4b9400000,0x000000f4b9500000] [id=14040]
  0x000002287e40e9d0 ConcurrentGCThread "G1 Main Marker" [stack: 0x000000f4b9500000,0x000000f4b9600000] [id=15992]
  0x000002287e410450 ConcurrentGCThread "G1 Conc#0" [stack: 0x000000f4b9600000,0x000000f4b9700000] [id=3440]

[error occurred during error reporting (printing all threads), id 0xc0000005, EXCEPTION_ACCESS_VIOLATION (0xc0000005) at pc=0x00007ffdf65a44d7]

VM state: not at safepoint (not fully initialized)

VM Mutex/Monitor currently owned by a thread:  ([mutex/lock_event])
[0x000002287e3c30c0] Heap_lock - owner thread: 0x000002287e3c7940

Heap address: 0x00000000a1c00000, size: 1508 MB, Compressed Oops mode: 32-bit

CDS archive(s) mapped at: [0x0000000000000000-0x0000000000000000-0x0000000000000000), size 0, SharedBaseAddress: 0x0000000800000000, ArchiveRelocationMode: 0.
Narrow klass base: 0x0000000000000000, Narrow klass shift: 0, Narrow klass range: 0x0

GC Precious Log:
<Empty>

Heap:
 garbage-first heap   total 0K, used 0K [0x00000000a1c00000, 0x0000000100000000)
  region size 1024K, 0 young (0K), 0 survivors (0K)

[error occurred during error reporting (printing heap information), id 0xc0000005, EXCEPTION_ACCESS_VIOLATION (0xc0000005) at pc=0x00007ffdf69824ed]

GC Heap History (0 events):
No events

Deoptimization events (0 events):
No events

Classes unloaded (0 events):
No events

Classes redefined (0 events):
No events

Internal exceptions (0 events):
No events

Events (1 events):
Event: 0.014 Loaded shared library C:\Program Files\Java\jdk-16.0.1\bin\java.dll


Dynamic libraries:
0x00007ff77ac90000 - 0x00007ff77aca0000 	C:\Program Files\Java\jdk-16.0.1\bin\java.exe
0x00007ffe4be10000 - 0x00007ffe4c005000 	C:\Windows\SYSTEM32\ntdll.dll
0x00007ffe4a470000 - 0x00007ffe4a52d000 	C:\Windows\System32\KERNEL32.DLL
0x00007ffe49830000 - 0x00007ffe49af9000 	C:\Windows\System32\KERNELBASE.dll
0x00007ffe49cf0000 - 0x00007ffe49df0000 	C:\Windows\System32\ucrtbase.dll
0x00007ffe43050000 - 0x00007ffe43069000 	C:\Program Files\Java\jdk-16.0.1\bin\VCRUNTIME140.dll
0x00007ffe3a030000 - 0x00007ffe3a048000 	C:\Program Files\Java\jdk-16.0.1\bin\jli.dll
0x00007ffe4a3c0000 - 0x00007ffe4a46c000 	C:\Windows\System32\ADVAPI32.dll
0x00007ffe4a610000 - 0x00007ffe4a6ae000 	C:\Windows\System32\msvcrt.dll
0x00007ffe4ae50000 - 0x00007ffe4aeeb000 	C:\Windows\System32\sechost.dll
0x00007ffe4bae0000 - 0x00007ffe4bc0a000 	C:\Windows\System32\RPCRT4.dll
0x00007ffe4a030000 - 0x00007ffe4a1d0000 	C:\Windows\System32\USER32.dll
0x00007ffe2d730000 - 0x00007ffe2d9ca000 	C:\Windows\WinSxS\amd64_microsoft.windows.common-controls_6595b64144ccf1df_6.0.19041.1110_none_60b5254171f9507e\COMCTL32.dll
0x00007ffe49550000 - 0x00007ffe49572000 	C:\Windows\System32\win32u.dll
0x00007ffe49f60000 - 0x00007ffe49f8a000 	C:\Windows\System32\GDI32.dll
0x00007ffe49be0000 - 0x00007ffe49ceb000 	C:\Windows\System32\gdi32full.dll
0x00007ffe49630000 - 0x00007ffe496cd000 	C:\Windows\System32\msvcp_win.dll
0x00007ffe40720000 - 0x00007ffe4072a000 	C:\Windows\SYSTEM32\VERSION.dll
0x00007ffe4bda0000 - 0x00007ffe4bdd0000 	C:\Windows\System32\IMM32.DLL
0x00007ffe3dc90000 - 0x00007ffe3dc9c000 	C:\Program Files\Java\jdk-16.0.1\bin\vcruntime140_1.dll
0x00007ffe02190000 - 0x00007ffe02221000 	C:\Program Files\Java\jdk-16.0.1\bin\msvcp140.dll
0x00007ffdf62c0000 - 0x00007ffdf6e6b000 	C:\Program Files\Java\jdk-16.0.1\bin\server\jvm.dll
0x00007ffe4a3b0000 - 0x00007ffe4a3b8000 	C:\Windows\System32\PSAPI.DLL
0x00007ffe430b0000 - 0x00007ffe430b9000 	C:\Windows\SYSTEM32\WSOCK32.dll
0x00007ffe4af50000 - 0x00007ffe4afbb000 	C:\Windows\System32\WS2_32.dll
0x00007ffe3f8b0000 - 0x00007ffe3f8d7000 	C:\Windows\SYSTEM32\WINMM.dll
0x00007ffe47480000 - 0x00007ffe47492000 	C:\Windows\SYSTEM32\kernel.appcore.dll
0x00007ffe3ac40000 - 0x00007ffe3ac4a000 	C:\Program Files\Java\jdk-16.0.1\bin\jimage.dll
0x00007ffe415f0000 - 0x00007ffe417d4000 	C:\Windows\SYSTEM32\DBGHELP.DLL
0x00007ffe39f40000 - 0x00007ffe39f6c000 	C:\Windows\SYSTEM32\dbgcore.DLL
0x00007ffe49df0000 - 0x00007ffe49e73000 	C:\Windows\System32\bcryptPrimitives.dll
0x00007ffe253d0000 - 0x00007ffe253f5000 	C:\Program Files\Java\jdk-16.0.1\bin\java.dll

dbghelp: loaded successfully - version: 4.0.5 - missing functions: none
symbol engine: initialized successfully - sym options: 0x614 - pdb path: .;C:\Program Files\Java\jdk-16.0.1\bin;C:\Windows\SYSTEM32;C:\Windows\WinSxS\amd64_microsoft.windows.common-controls_6595b64144ccf1df_6.0.19041.1110_none_60b5254171f9507e;C:\Program Files\Java\jdk-16.0.1\bin\server

VM Arguments:
jvm_args: -Dfile.encoding=UTF-8 --module-path=C:\Users\Huong\OneDrive\Documents\NetBeansProjects\AssignmentJava3_huongltph17591\build\classes 
java_command: Views.QLSV
java_class_path (initial): D:\sqljdbc_9.2.1.0_enu\sqljdbc_9.2\enu\mssql-jdbc-9.2.1.jre8.jar;C:\Users\Huong\OneDrive\Documents\NetBeansProjects\AssignmentJava3_huongltph17591\build\classes
Launcher Type: SUN_STANDARD

[Global flags]
     intx CICompilerCount                          = 4                                         {product} {ergonomic}
     uint ConcGCThreads                            = 2                                         {product} {ergonomic}
     uint G1ConcRefinementThreads                  = 8                                         {product} {ergonomic}
   size_t G1HeapRegionSize                         = 1048576                                   {product} {ergonomic}
    uintx GCDrainStackTargetSize                   = 64                                        {product} {ergonomic}
   size_t InitialHeapSize                          = 100663296                                 {product} {ergonomic}
   size_t MarkStackSize                            = 4194304                                   {product} {ergonomic}
   size_t MaxHeapSize                              = 1581252608                                {product} {ergonomic}
   size_t MinHeapDeltaBytes                        = 1048576                                   {product} {ergonomic}
   size_t MinHeapSize                              = 8388608                                   {product} {ergonomic}
    uintx NonNMethodCodeHeapSize                   = 5839372                                {pd product} {ergonomic}
    uintx NonProfiledCodeHeapSize                  = 122909434                              {pd product} {ergonomic}
    uintx ProfiledCodeHeapSize                     = 122909434                              {pd product} {ergonomic}
    uintx ReservedCodeCacheSize                    = 251658240                              {pd product} {ergonomic}
     bool SegmentedCodeCache                       = true                                      {product} {ergonomic}
   size_t SoftMaxHeapSize                          = 1581252608                             {manageable} {ergonomic}
     bool UseCompressedClassPointers               = true                           {product lp64_product} {ergonomic}
     bool UseCompressedOops                        = true                           {product lp64_product} {ergonomic}
     bool UseG1GC                                  = true                                      {product} {ergonomic}
     bool UseLargePagesIndividualAllocation        = false                                  {pd product} {ergonomic}

Logging:
Log output configuration:
 #0: stdout all=warning uptime,level,tags
 #1: stderr all=off uptime,level,tags

Environment Variables:
PATH=C:\Program Files\Common Files\Oracle\Java\javapath;C:\Windows\system32;C:\Windows;C:\Windows\System32\Wbem;C:\Windows\System32\WindowsPowerShell\v1.0\;C:\Windows\System32\OpenSSH\;C:\Program Files\Microsoft SQL Server\Client SDK\ODBC\170\Tools\Binn\;C:\Program Files (x86)\Microsoft SQL Server\150\Tools\Binn\;C:\Program Files\Microsoft SQL Server\150\Tools\Binn\;C:\Program Files\Microsoft SQL Server\150\DTS\Binn\;C:\Program Files (x86)\Microsoft SQL Server\150\DTS\Binn\;C:\Program Files\Azure Data Studio\bin;C:\Users\Huong\AppData\Local\Microsoft\WindowsApps;;C:\Program Files\Azure Data Studio\bin
USERNAME=Huong
OS=Windows_NT
PROCESSOR_IDENTIFIER=AMD64 Family 23 Model 24 Stepping 1, AuthenticAMD



---------------  S Y S T E M  ---------------

OS:
 Windows 10 , 64 bit Build 19041 (10.0.19041.1023)
OS uptime: 8 days 17:47 hours

CPU: total 8 (initial active 8) (8 cores per cpu, 2 threads per core) family 23 model 24 stepping 1 microcode 0x0, cx8, cmov, fxsr, ht, mmx, 3dnowpref, sse, sse2, sse3, ssse3, sse4a, sse4.1, sse4.2, popcnt, lzcnt, tsc, tscinvbit, avx, avx2, aes, clmul, bmi1, bmi2, adx, sha, fma, vzeroupper, clflush, clflushopt

Memory: 4k page, system-wide physical 6030M (301M free)
TotalPageFile size 24462M (AvailPageFile size 54M)
current process WorkingSet (physical memory assigned to process): 9M, peak: 9M
current process commit charge ("private bytes"): 59M, peak: 155M

vm_info: Java HotSpot(TM) 64-Bit Server VM (16.0.1+9-24) for windows-amd64 JRE (16.0.1+9-24), built on Mar 26 2021 19:31:42 by "mach5one" with MS VC++ 16.7 (VS2019)

END.
